# JRE version: OpenJDK Runtime Environment JBR-17.0.9+7-1087.7-jcef (17.0.9+7) (build 17.0.9+7-b1087.7)
# Java VM: OpenJDK 64-Bit Server VM JBR-17.0.9+7-1087.7-jcef (17.0.9+7-b1087.7, mixed mode, tiered, compressed oops, compressed class ptrs, g1 gc, windows-amd64)
GC Precious Log:
 CPUs: 8 total, 8 available
 Memory: 16151M
 Large Page Support: Disabled
 NUMA Support: Disabled
 Compressed Oops: Enabled (Zero based)
 Heap Region Size: 2M
 Heap Min Capacity: 8M
 Heap Initial Capacity: 254M
 Heap Max Capacity: 4038M
 Pre-touch: Disabled
 Parallel Workers: 8
 Concurrent Workers: 2
 Concurrent Refinement Workers: 8
 Periodic GC: Disabled
Heap:
 garbage-first heap   total 1159168K, used 226329K [0x0000000703a00000, 0x0000000800000000)
  region size 2048K, 1 young (2048K), 1 survivors (2048K)
 Metaspace       used 33530K, committed 33792K, reserved 1114112K
  class space    used 4178K, committed 4288K, reserved 1048576K
GC Heap History (20 events):
Event: 36.799 GC heap after
{Heap after GC invocations=23 (full 0):
 garbage-first heap   total 1140736K, used 118622K [0x0000000703a00000, 0x0000000800000000)
  region size 2048K, 3 young (6144K), 3 survivors (6144K)
 Metaspace       used 32249K, committed 32512K, reserved 1114112K
  class space    used 4082K, committed 4224K, reserved 1048576K
}
Event: 44.135 GC heap before
{Heap before GC invocations=23 (full 0):
 garbage-first heap   total 1140736K, used 395102K [0x0000000703a00000, 0x0000000800000000)
  region size 2048K, 134 young (274432K), 3 survivors (6144K)
 Metaspace       used 32417K, committed 32640K, reserved 1114112K
  class space    used 4082K, committed 4224K, reserved 1048576K
}
Event: 44.149 GC heap after
{Heap after GC invocations=24 (full 0):
 garbage-first heap   total 1140736K, used 142648K [0x0000000703a00000, 0x0000000800000000)
  region size 2048K, 15 young (30720K), 15 survivors (30720K)
 Metaspace       used 32417K, committed 32640K, reserved 1114112K
  class space    used 4082K, committed 4224K, reserved 1048576K
}
Event: 51.706 GC heap before
{Heap before GC invocations=25 (full 0):
 garbage-first heap   total 614400K, used 523576K [0x0000000703a00000, 0x0000000800000000)
  region size 2048K, 193 young (395264K), 15 survivors (30720K)
 Metaspace       used 32556K, committed 32832K, reserved 1114112K
  class space    used 4082K, committed 4224K, reserved 1048576K
}
Event: 51.730 GC heap after
{Heap after GC invocations=26 (full 0):
 garbage-first heap   total 614400K, used 186797K [0x0000000703a00000, 0x0000000800000000)
  region size 2048K, 39 young (79872K), 39 survivors (79872K)
 Metaspace       used 32556K, committed 32832K, reserved 1114112K
  class space    used 4082K, committed 4224K, reserved 1048576K
}
Event: 51.733 GC heap before
{Heap before GC invocations=26 (full 0):
 garbage-first heap   total 614400K, used 188845K [0x0000000703a00000, 0x0000000800000000)
  region size 2048K, 40 young (81920K), 39 survivors (79872K)
 Metaspace       used 32556K, committed 32832K, reserved 1114112K
  class space    used 4082K, committed 4224K, reserved 1048576K
}
Event: 51.752 GC heap after
{Heap after GC invocations=27 (full 0):
 garbage-first heap   total 614400K, used 183357K [0x0000000703a00000, 0x0000000800000000)
  region size 2048K, 2 young (4096K), 2 survivors (4096K)
 Metaspace       used 32556K, committed 32832K, reserved 1114112K
  class space    used 4082K, committed 4224K, reserved 1048576K
}
Event: 112.262 GC heap before
{Heap before GC invocations=27 (full 0):
 garbage-first heap   total 614400K, used 355389K [0x0000000703a00000, 0x0000000800000000)
  region size 2048K, 87 young (178176K), 2 survivors (4096K)
 Metaspace       used 32923K, committed 33216K, reserved 1114112K
  class space    used 4083K, committed 4224K, reserved 1048576K
}
Event: 112.272 GC heap after
{Heap after GC invocations=28 (full 0):
 garbage-first heap   total 614400K, used 207933K [0x0000000703a00000, 0x0000000800000000)
  region size 2048K, 14 young (28672K), 14 survivors (28672K)
 Metaspace       used 32923K, committed 33216K, reserved 1114112K
  class space    used 4083K, committed 4224K, reserved 1048576K
}
Event: 112.647 GC heap before
{Heap before GC invocations=29 (full 0):
 garbage-first heap   total 614400K, used 543805K [0x0000000703a00000, 0x0000000800000000)
  region size 2048K, 70 young (143360K), 14 survivors (28672K)
 Metaspace       used 33004K, committed 33280K, reserved 1114112K
  class space    used 4089K, committed 4224K, reserved 1048576K
}
Event: 112.678 GC heap after
{Heap after GC invocations=30 (full 0):
 garbage-first heap   total 632832K, used 275351K [0x0000000703a00000, 0x0000000800000000)
  region size 2048K, 16 young (32768K), 16 survivors (32768K)
 Metaspace       used 33004K, committed 33280K, reserved 1114112K
  class space    used 4089K, committed 4224K, reserved 1048576K
}
Event: 112.687 GC heap before
{Heap before GC invocations=30 (full 0):
 garbage-first heap   total 632832K, used 281495K [0x0000000703a00000, 0x0000000800000000)
  region size 2048K, 17 young (34816K), 16 survivors (32768K)
 Metaspace       used 33007K, committed 33280K, reserved 1114112K
  class space    used 4090K, committed 4224K, reserved 1048576K
}
Event: 112.699 GC heap after
{Heap after GC invocations=31 (full 0):
 garbage-first heap   total 632832K, used 257529K [0x0000000703a00000, 0x0000000800000000)
  region size 2048K, 3 young (6144K), 3 survivors (6144K)
 Metaspace       used 33007K, committed 33280K, reserved 1114112K
  class space    used 4090K, committed 4224K, reserved 1048576K
}
Event: 112.754 GC heap before
{Heap before GC invocations=31 (full 0):
 garbage-first heap   total 632832K, used 263673K [0x0000000703a00000, 0x0000000800000000)
  region size 2048K, 7 young (14336K), 3 survivors (6144K)
 Metaspace       used 33131K, committed 33408K, reserved 1114112K
  class space    used 4102K, committed 4224K, reserved 1048576K
}
Event: 112.755 GC heap after
{Heap after GC invocations=32 (full 0):
 garbage-first heap   total 632832K, used 254360K [0x0000000703a00000, 0x0000000800000000)
  region size 2048K, 2 young (4096K), 2 survivors (4096K)
 Metaspace       used 33131K, committed 33408K, reserved 1114112K
  class space    used 4102K, committed 4224K, reserved 1048576K
}
Event: 113.279 GC heap before
{Heap before GC invocations=33 (full 0):
 garbage-first heap   total 632832K, used 518554K [0x0000000703a00000, 0x0000000800000000)
  region size 2048K, 92 young (188416K), 2 survivors (4096K)
 Metaspace       used 33522K, committed 33792K, reserved 1114112K
  class space    used 4177K, committed 4288K, reserved 1048576K
}
Event: 113.282 GC heap after
{Heap after GC invocations=34 (full 0):
 garbage-first heap   total 632832K, used 230350K [0x0000000703a00000, 0x0000000800000000)
  region size 2048K, 3 young (6144K), 3 survivors (6144K)
 Metaspace       used 33522K, committed 33792K, reserved 1114112K
  class space    used 4177K, committed 4288K, reserved 1048576K
}
Event: 113.367 GC heap before
{Heap before GC invocations=34 (full 0):
 garbage-first heap   total 632832K, used 267214K [0x0000000703a00000, 0x0000000800000000)
  region size 2048K, 15 young (30720K), 3 survivors (6144K)
 Metaspace       used 33530K, committed 33792K, reserved 1114112K
  class space    used 4178K, committed 4288K, reserved 1048576K
}
Event: 113.371 GC heap after
{Heap after GC invocations=35 (full 0):
 garbage-first heap   total 632832K, used 234812K [0x0000000703a00000, 0x0000000800000000)
  region size 2048K, 1 young (2048K), 1 survivors (2048K)
 Metaspace       used 33530K, committed 33792K, reserved 1114112K
  class space    used 4178K, committed 4288K, reserved 1048576K
}
Event: 113.376 GC heap before
{Heap before GC invocations=35 (full 0):
 garbage-first heap   total 632832K, used 240956K [0x0000000703a00000, 0x0000000800000000)
  region size 2048K, 5 young (10240K), 1 survivors (2048K)
 Metaspace       used 33530K, committed 33792K, reserved 1114112K
  class space    used 4178K, committed 4288K, reserved 1048576K
}

